<?xml version="1.0" encoding="UTF-8"?>
<!-- Generated by org.testng.reporters.JUnitReportReporter -->
<testsuite skipped="0" hostname="LAPTOP-57FQFH3S" name="demo2020.demo1" tests="1" failures="0" timestamp="2020-11-25T10:28:41 CST" time="0.010" errors="0">
  <testcase name="test1" time="0.010" classname="demo2020.demo1"/>
  <system-out/>
</testsuite> <!-- demo2020.demo1 -->
